2018-03-13T11:42:17.453Z ERROR   HLFConnection           :disconnect()             {"message":"Error trying disconnect. Error: such error","stack":"Error: Error trying disconnect. Error: such error\n    at Promise.resolve.then.catch.error (/home/travis/build/hyperledger/composer/packages/composer-connector-hlfv1/lib/hlfconnection.js:41:319)\n    at <anonymous>"}$
2018-03-13T11:42:17.843Z ERROR   HLFConnection           :enroll()                 {"message":"Error trying to enroll user or load channel configuration. such error","stack":"Error: Error trying to enroll user or load channel configuration. such error\n    at caClient.enroll.then.then.then.then.catch.error (/home/travis/build/hyperledger/composer/packages/composer-connector-hlfv1/lib/hlfconnection.js:51:488)\n    at <anonymous>\n    at runMicrotasksCallback (internal/process/next_tick.js:121:5)\n    at _combinedTickCallback (internal/process/next_tick.js:131:7)\n    at process._tickCallback (internal/process/next_tick.js:180:9)"}$
2018-03-13T11:42:18.223Z ERROR   HLFConnection           :login()                  {"message":"","stack":"such error\n    at Object.rejects (/home/travis/build/hyperledger/composer/node_modules/sinon/lib/sinon/default-behaviors.js:167:22)\n    at Object.proto.(anonymous function) [as rejects] (/home/travis/build/hyperledger/composer/node_modules/sinon/lib/sinon/behavior.js:206:12)\n    at Function.rejects (/home/travis/build/hyperledger/composer/node_modules/sinon/lib/sinon/behavior.js:199:46)\n    at Context.it (/home/travis/build/hyperledger/composer/packages/composer-connector-hlfv1/test/hlfconnection.js:349:57)\n    at callFn (/home/travis/build/hyperledger/composer/node_modules/mocha/lib/runnable.js:348:21)\n    at Test.Runnable.run (/home/travis/build/hyperledger/composer/node_modules/mocha/lib/runnable.js:340:7)\n    at Runner.runTest (/home/travis/build/hyperledger/composer/node_modules/mocha/lib/runner.js:443:10)\n    at /home/travis/build/hyperledger/composer/node_modules/mocha/lib/runner.js:549:12\n    at next (/home/travis/build/hyperledger/composer/node_modules/mocha/lib/runner.js:361:14)\n    at /home/travis/build/hyperledger/composer/node_modules/mocha/lib/runner.js:371:7\n    at next (/home/travis/build/hyperledger/composer/node_modules/mocha/lib/runner.js:295:14)\n    at /home/travis/build/hyperledger/composer/node_modules/mocha/lib/runner.js:334:7\n    at done (/home/travis/build/hyperledger/composer/node_modules/mocha/lib/runnable.js:295:5)\n    at callFn (/home/travis/build/hyperledger/composer/node_modules/mocha/lib/runnable.js:366:7)\n    at Hook.Runnable.run (/home/travis/build/hyperledger/composer/node_modules/mocha/lib/runnable.js:340:7)\n    at next (/home/travis/build/hyperledger/composer/node_modules/mocha/lib/runner.js:309:10)\n    at Immediate._onImmediate (/home/travis/build/hyperledger/composer/node_modules/mocha/lib/runner.js:339:5)\n    at runCallback (timers.js:794:20)\n    at tryOnImmediate (timers.js:752:5)\n    at processImmediate [as _immediateCallback] (timers.js:729:5)","name":"such error"}$
2018-03-13T11:42:18.492Z ERROR   HLFConnection           :install()                {"message":"Failed to copy specified npmrc file /some/file during install. Error: ENOENT: no such file or directory, lstat '/some/file'","stack":"Error: Failed to copy specified npmrc file /some/file during install. Error: ENOENT: no such file or directory, lstat '/some/file'\n    at HLFConnection.install (/home/travis/build/hyperledger/composer/packages/composer-connector-hlfv1/lib/hlfconnection.js:83:861)\n    at <anonymous>\n    at runMicrotasksCallback (internal/process/next_tick.js:121:5)\n    at _combinedTickCallback (internal/process/next_tick.js:131:7)\n    at process._tickCallback (internal/process/next_tick.js:180:9)"}$
2018-03-13T11:42:18.544Z ERROR   HLFConnection           :install()                {"message":"Error trying install composer runtime. Error: Some error occurs","stack":"Error: Error trying install composer runtime. Error: Some error occurs\n    at HLFConnection.install (/home/travis/build/hyperledger/composer/packages/composer-connector-hlfv1/lib/hlfconnection.js:88:242)\n    at <anonymous>"}$
2018-03-13T11:42:18.645Z ERROR   HLFConnection           :install()                {"message":"Error trying install composer runtime. Error: The Composer runtime is already installed on all the peers","stack":"Error: Error trying install composer runtime. Error: The Composer runtime is already installed on all the peers\n    at HLFConnection.install (/home/travis/build/hyperledger/composer/packages/composer-connector-hlfv1/lib/hlfconnection.js:88:242)\n    at <anonymous>"}$
2018-03-13T11:42:18.786Z ERROR   HLFConnection           :install()                {"message":"Error trying install composer runtime. Error: The Composer runtime failed to install on 1 or more peers: Error: Failed to install, not because it exists\n","stack":"Error: Error trying install composer runtime. Error: The Composer runtime failed to install on 1 or more peers: Error: Failed to install, not because it exists\n\n    at HLFConnection.install (/home/travis/build/hyperledger/composer/packages/composer-connector-hlfv1/lib/hlfconnection.js:88:242)\n    at <anonymous>"}$
2018-03-13T11:42:19.235Z ERROR   HLFConnection           :_addEndorsementPolicy()  {"message":"Error trying parse endorsement policy. SyntaxError: Unexpected token i in JSON at position 1","stack":"Error: Error trying parse endorsement policy. SyntaxError: Unexpected token i in JSON at position 1\n    at HLFConnection._addEndorsementPolicy (/home/travis/build/hyperledger/composer/packages/composer-connector-hlfv1/lib/hlfconnection.js:100:227)\n    at /home/travis/build/hyperledger/composer/packages/composer-connector-hlfv1/test/hlfconnection.js:588:28\n    at Assertion.assertThrows (/home/travis/build/hyperledger/composer/node_modules/chai/lib/chai/core/assertions.js:1300:7)\n    at Assertion.ctx.(anonymous function) (/home/travis/build/hyperledger/composer/node_modules/chai/lib/chai/utils/addMethod.js:41:25)\n    at doAsserterAsyncAndAddThen (/home/travis/build/hyperledger/composer/node_modules/chai-as-promised/lib/chai-as-promised.js:293:29)\n    at Assertion.<anonymous> (/home/travis/build/hyperledger/composer/node_modules/chai-as-promised/lib/chai-as-promised.js:252:17)\n    at Assertion.ctx.(anonymous function) [as throw] (/home/travis/build/hyperledger/composer/node_modules/chai/lib/chai/utils/overwriteMethod.js:49:33)\n    at Context.it (/home/travis/build/hyperledger/composer/packages/composer-connector-hlfv1/test/hlfconnection.js:589:28)\n    at callFn (/home/travis/build/hyperledger/composer/node_modules/mocha/lib/runnable.js:348:21)\n    at Test.Runnable.run (/home/travis/build/hyperledger/composer/node_modules/mocha/lib/runnable.js:340:7)\n    at Runner.runTest (/home/travis/build/hyperledger/composer/node_modules/mocha/lib/runner.js:443:10)\n    at /home/travis/build/hyperledger/composer/node_modules/mocha/lib/runner.js:549:12\n    at next (/home/travis/build/hyperledger/composer/node_modules/mocha/lib/runner.js:361:14)\n    at /home/travis/build/hyperledger/composer/node_modules/mocha/lib/runner.js:371:7\n    at next (/home/travis/build/hyperledger/composer/node_modules/mocha/lib/runner.js:295:14)\n    at Immediate.<anonymous> (/home/travis/build/hyperledger/composer/node_modules/mocha/lib/runner.js:339:5)\n    at runCallback (timers.js:794:20)\n    at tryOnImmediate (timers.js:752:5)\n    at processImmediate [as _immediateCallback] (timers.js:729:5)"}$
2018-03-13T11:42:19.287Z ERROR   HLFConnection           :_addEndorsementPolicy()  {"message":"Error trying parse endorsement policy. Error: ENOENT","stack":"Error: Error trying parse endorsement policy. Error: ENOENT\n    at HLFConnection._addEndorsementPolicy (/home/travis/build/hyperledger/composer/packages/composer-connector-hlfv1/lib/hlfconnection.js:100:227)\n    at /home/travis/build/hyperledger/composer/packages/composer-connector-hlfv1/test/hlfconnection.js:598:28\n    at Assertion.assertThrows (/home/travis/build/hyperledger/composer/node_modules/chai/lib/chai/core/assertions.js:1300:7)\n    at Assertion.ctx.(anonymous function) (/home/travis/build/hyperledger/composer/node_modules/chai/lib/chai/utils/addMethod.js:41:25)\n    at doAsserterAsyncAndAddThen (/home/travis/build/hyperledger/composer/node_modules/chai-as-promised/lib/chai-as-promised.js:293:29)\n    at Assertion.<anonymous> (/home/travis/build/hyperledger/composer/node_modules/chai-as-promised/lib/chai-as-promised.js:252:17)\n    at Assertion.ctx.(anonymous function) [as throw] (/home/travis/build/hyperledger/composer/node_modules/chai/lib/chai/utils/overwriteMethod.js:49:33)\n    at Context.it (/home/travis/build/hyperledger/composer/packages/composer-connector-hlfv1/test/hlfconnection.js:599:28)\n    at callFn (/home/travis/build/hyperledger/composer/node_modules/mocha/lib/runnable.js:348:21)\n    at Test.Runnable.run (/home/travis/build/hyperledger/composer/node_modules/mocha/lib/runnable.js:340:7)\n    at Runner.runTest (/home/travis/build/hyperledger/composer/node_modules/mocha/lib/runner.js:443:10)\n    at /home/travis/build/hyperledger/composer/node_modules/mocha/lib/runner.js:549:12\n    at next (/home/travis/build/hyperledger/composer/node_modules/mocha/lib/runner.js:361:14)\n    at /home/travis/build/hyperledger/composer/node_modules/mocha/lib/runner.js:371:7\n    at next (/home/travis/build/hyperledger/composer/node_modules/mocha/lib/runner.js:295:14)\n    at Immediate.<anonymous> (/home/travis/build/hyperledger/composer/node_modules/mocha/lib/runner.js:339:5)\n    at runCallback (timers.js:794:20)\n    at tryOnImmediate (timers.js:752:5)\n    at processImmediate [as _immediateCallback] (timers.js:729:5)"}$
2018-03-13T11:42:19.339Z ERROR   HLFConnection           :_addEndorsementPolicy()  {"message":"Error trying parse endorsement policy. SyntaxError: Unexpected token i in JSON at position 1","stack":"Error: Error trying parse endorsement policy. SyntaxError: Unexpected token i in JSON at position 1\n    at HLFConnection._addEndorsementPolicy (/home/travis/build/hyperledger/composer/packages/composer-connector-hlfv1/lib/hlfconnection.js:100:227)\n    at /home/travis/build/hyperledger/composer/packages/composer-connector-hlfv1/test/hlfconnection.js:609:28\n    at Assertion.assertThrows (/home/travis/build/hyperledger/composer/node_modules/chai/lib/chai/core/assertions.js:1300:7)\n    at Assertion.ctx.(anonymous function) (/home/travis/build/hyperledger/composer/node_modules/chai/lib/chai/utils/addMethod.js:41:25)\n    at doAsserterAsyncAndAddThen (/home/travis/build/hyperledger/composer/node_modules/chai-as-promised/lib/chai-as-promised.js:293:29)\n    at Assertion.<anonymous> (/home/travis/build/hyperledger/composer/node_modules/chai-as-promised/lib/chai-as-promised.js:252:17)\n    at Assertion.ctx.(anonymous function) [as throw] (/home/travis/build/hyperledger/composer/node_modules/chai/lib/chai/utils/overwriteMethod.js:49:33)\n    at Context.it (/home/travis/build/hyperledger/composer/packages/composer-connector-hlfv1/test/hlfconnection.js:610:28)\n    at callFn (/home/travis/build/hyperledger/composer/node_modules/mocha/lib/runnable.js:348:21)\n    at Test.Runnable.run (/home/travis/build/hyperledger/composer/node_modules/mocha/lib/runnable.js:340:7)\n    at Runner.runTest (/home/travis/build/hyperledger/composer/node_modules/mocha/lib/runner.js:443:10)\n    at /home/travis/build/hyperledger/composer/node_modules/mocha/lib/runner.js:549:12\n    at next (/home/travis/build/hyperledger/composer/node_modules/mocha/lib/runner.js:361:14)\n    at /home/travis/build/hyperledger/composer/node_modules/mocha/lib/runner.js:371:7\n    at next (/home/travis/build/hyperledger/composer/node_modules/mocha/lib/runner.js:295:14)\n    at Immediate.<anonymous> (/home/travis/build/hyperledger/composer/node_modules/mocha/lib/runner.js:339:5)\n    at runCallback (timers.js:794:20)\n    at tryOnImmediate (timers.js:752:5)\n    at processImmediate [as _immediateCallback] (timers.js:729:5)"}$
2018-03-13T11:42:19.562Z ERROR   HLFConnection           :start()                  {"message":"Error trying to instantiate composer runtime. Error: Failed to receive commit notification for transaction '00000000-0000-0000-0000-000000000000' within the timeout period","stack":"Error: Error trying to instantiate composer runtime. Error: Failed to receive commit notification for transaction '00000000-0000-0000-0000-000000000000' within the timeout period\n    at _initializeChannel.then.then.then.then.catch.error (/home/travis/build/hyperledger/composer/packages/composer-connector-hlfv1/lib/hlfconnection.js:113:620)\n    at <anonymous>"}$
2018-03-13T11:42:19.923Z ERROR   HLFConnection           :_addEndorsementPolicy()  {"message":"Error trying parse endorsement policy. SyntaxError: Unexpected token i in JSON at position 1","stack":"Error: Error trying parse endorsement policy. SyntaxError: Unexpected token i in JSON at position 1\n    at HLFConnection._addEndorsementPolicy (/home/travis/build/hyperledger/composer/packages/composer-connector-hlfv1/lib/hlfconnection.js:100:227)\n    at _initializeChannel.then (/home/travis/build/hyperledger/composer/packages/composer-connector-hlfv1/lib/hlfconnection.js:110:344)\n    at <anonymous>"}$
2018-03-13T11:42:19.923Z ERROR   HLFConnection           :start()                  {"message":"Error trying to instantiate composer runtime. Error: Error trying parse endorsement policy. SyntaxError: Unexpected token i in JSON at position 1","stack":"Error: Error trying to instantiate composer runtime. Error: Error trying parse endorsement policy. SyntaxError: Unexpected token i in JSON at position 1\n    at _initializeChannel.then.then.then.then.catch.error (/home/travis/build/hyperledger/composer/packages/composer-connector-hlfv1/lib/hlfconnection.js:113:620)\n    at <anonymous>"}$
2018-03-13T11:42:20.005Z ERROR   HLFConnection           :_addEndorsementPolicy()  {"message":"Error trying parse endorsement policy. Error: ENOENT","stack":"Error: Error trying parse endorsement policy. Error: ENOENT\n    at HLFConnection._addEndorsementPolicy (/home/travis/build/hyperledger/composer/packages/composer-connector-hlfv1/lib/hlfconnection.js:100:227)\n    at _initializeChannel.then (/home/travis/build/hyperledger/composer/packages/composer-connector-hlfv1/lib/hlfconnection.js:110:344)\n    at <anonymous>"}$
2018-03-13T11:42:20.006Z ERROR   HLFConnection           :start()                  {"message":"Error trying to instantiate composer runtime. Error: Error trying parse endorsement policy. Error: ENOENT","stack":"Error: Error trying to instantiate composer runtime. Error: Error trying parse endorsement policy. Error: ENOENT\n    at _initializeChannel.then.then.then.then.catch.error (/home/travis/build/hyperledger/composer/packages/composer-connector-hlfv1/lib/hlfconnection.js:113:620)\n    at <anonymous>"}$
2018-03-13T11:42:20.058Z ERROR   HLFConnection           :_addEndorsementPolicy()  {"message":"Error trying parse endorsement policy. SyntaxError: Unexpected token i in JSON at position 1","stack":"Error: Error trying parse endorsement policy. SyntaxError: Unexpected token i in JSON at position 1\n    at HLFConnection._addEndorsementPolicy (/home/travis/build/hyperledger/composer/packages/composer-connector-hlfv1/lib/hlfconnection.js:100:227)\n    at _initializeChannel.then (/home/travis/build/hyperledger/composer/packages/composer-connector-hlfv1/lib/hlfconnection.js:110:344)\n    at <anonymous>"}$
2018-03-13T11:42:20.058Z ERROR   HLFConnection           :start()                  {"message":"Error trying to instantiate composer runtime. Error: Error trying parse endorsement policy. SyntaxError: Unexpected token i in JSON at position 1","stack":"Error: Error trying to instantiate composer runtime. Error: Error trying parse endorsement policy. SyntaxError: Unexpected token i in JSON at position 1\n    at _initializeChannel.then.then.then.then.catch.error (/home/travis/build/hyperledger/composer/packages/composer-connector-hlfv1/lib/hlfconnection.js:113:620)\n    at <anonymous>"}$
2018-03-13T11:42:20.295Z ERROR   HLFConnection           :start()                  {"message":"Error trying to instantiate composer runtime. Error: such error","stack":"Error: Error trying to instantiate composer runtime. Error: such error\n    at _initializeChannel.then.then.then.then.catch.error (/home/travis/build/hyperledger/composer/packages/composer-connector-hlfv1/lib/hlfconnection.js:113:620)\n    at <anonymous>"}$
2018-03-13T11:42:20.341Z ERROR   HLFConnection           :start()                  {"message":"Error trying to instantiate composer runtime. Error: Failed to send peer responses for transaction '00000000-0000-0000-0000-000000000000' to orderer. Response status 'FAILURE'","stack":"Error: Error trying to instantiate composer runtime. Error: Failed to send peer responses for transaction '00000000-0000-0000-0000-000000000000' to orderer. Response status 'FAILURE'\n    at _initializeChannel.then.then.then.then.catch.error (/home/travis/build/hyperledger/composer/packages/composer-connector-hlfv1/lib/hlfconnection.js:113:620)\n    at <anonymous>"}$
2018-03-13T11:42:20.415Z ERROR   HLFConnection           :start()                  {"message":"Error trying to instantiate composer runtime. Error: Peer has rejected transaction '00000000-0000-0000-0000-000000000000' with code INVALID","stack":"Error: Error trying to instantiate composer runtime. Error: Peer has rejected transaction '00000000-0000-0000-0000-000000000000' with code INVALID\n    at _initializeChannel.then.then.then.then.catch.error (/home/travis/build/hyperledger/composer/packages/composer-connector-hlfv1/lib/hlfconnection.js:113:620)\n    at <anonymous>"}$
2018-03-13T11:42:21.246Z ERROR   HLFConnection           :start()                  {"message":"Error trying to instantiate composer runtime. Error: Failed to receive commit notification for transaction '00000000-0000-0000-0000-000000000000' within the timeout period","stack":"Error: Error trying to instantiate composer runtime. Error: Failed to receive commit notification for transaction '00000000-0000-0000-0000-000000000000' within the timeout period\n    at _initializeChannel.then.then.then.then.catch.error (/home/travis/build/hyperledger/composer/packages/composer-connector-hlfv1/lib/hlfconnection.js:113:620)\n    at <anonymous>"}$
2018-03-13T11:42:21.246Z ERROR   HLFConnection           :deploy()                 {"message":"Error trying to instantiate composer runtime. Error: Failed to receive commit notification for transaction '00000000-0000-0000-0000-000000000000' within the timeout period","stack":"Error: Error trying to instantiate composer runtime. Error: Failed to receive commit notification for transaction '00000000-0000-0000-0000-000000000000' within the timeout period\n    at _initializeChannel.then.then.then.then.catch.error (/home/travis/build/hyperledger/composer/packages/composer-connector-hlfv1/lib/hlfconnection.js:113:620)\n    at <anonymous>"}$
2018-03-13T11:42:21.407Z ERROR   HLFConnection           :install()                {"message":"Failed to copy specified npmrc file /some/file during install. Error: ENOENT: no such file or directory, lstat '/some/file'","stack":"Error: Failed to copy specified npmrc file /some/file during install. Error: ENOENT: no such file or directory, lstat '/some/file'\n    at HLFConnection.install (/home/travis/build/hyperledger/composer/packages/composer-connector-hlfv1/lib/hlfconnection.js:83:861)\n    at <anonymous>\n    at runMicrotasksCallback (internal/process/next_tick.js:121:5)\n    at _combinedTickCallback (internal/process/next_tick.js:131:7)\n    at process._tickCallback (internal/process/next_tick.js:180:9)"}$
2018-03-13T11:42:21.407Z ERROR   HLFConnection           :deploy()                 {"message":"Failed to copy specified npmrc file /some/file during install. Error: ENOENT: no such file or directory, lstat '/some/file'","stack":"Error: Failed to copy specified npmrc file /some/file during install. Error: ENOENT: no such file or directory, lstat '/some/file'\n    at HLFConnection.install (/home/travis/build/hyperledger/composer/packages/composer-connector-hlfv1/lib/hlfconnection.js:83:861)\n    at <anonymous>\n    at runMicrotasksCallback (internal/process/next_tick.js:121:5)\n    at _combinedTickCallback (internal/process/next_tick.js:131:7)\n    at process._tickCallback (internal/process/next_tick.js:180:9)"}$
2018-03-13T11:42:21.681Z ERROR   HLFConnection           :_addEndorsementPolicy()  {"message":"Error trying parse endorsement policy. SyntaxError: Unexpected token i in JSON at position 1","stack":"Error: Error trying parse endorsement policy. SyntaxError: Unexpected token i in JSON at position 1\n    at HLFConnection._addEndorsementPolicy (/home/travis/build/hyperledger/composer/packages/composer-connector-hlfv1/lib/hlfconnection.js:100:227)\n    at _initializeChannel.then (/home/travis/build/hyperledger/composer/packages/composer-connector-hlfv1/lib/hlfconnection.js:110:344)\n    at <anonymous>"}$
2018-03-13T11:42:21.682Z ERROR   HLFConnection           :start()                  {"message":"Error trying to instantiate composer runtime. Error: Error trying parse endorsement policy. SyntaxError: Unexpected token i in JSON at position 1","stack":"Error: Error trying to instantiate composer runtime. Error: Error trying parse endorsement policy. SyntaxError: Unexpected token i in JSON at position 1\n    at _initializeChannel.then.then.then.then.catch.error (/home/travis/build/hyperledger/composer/packages/composer-connector-hlfv1/lib/hlfconnection.js:113:620)\n    at <anonymous>"}$
2018-03-13T11:42:21.682Z ERROR   HLFConnection           :deploy()                 {"message":"Error trying to instantiate composer runtime. Error: Error trying parse endorsement policy. SyntaxError: Unexpected token i in JSON at position 1","stack":"Error: Error trying to instantiate composer runtime. Error: Error trying parse endorsement policy. SyntaxError: Unexpected token i in JSON at position 1\n    at _initializeChannel.then.then.then.then.catch.error (/home/travis/build/hyperledger/composer/packages/composer-connector-hlfv1/lib/hlfconnection.js:113:620)\n    at <anonymous>"}$
2018-03-13T11:42:21.767Z ERROR   HLFConnection           :_addEndorsementPolicy()  {"message":"Error trying parse endorsement policy. Error: ENOENT","stack":"Error: Error trying parse endorsement policy. Error: ENOENT\n    at HLFConnection._addEndorsementPolicy (/home/travis/build/hyperledger/composer/packages/composer-connector-hlfv1/lib/hlfconnection.js:100:227)\n    at _initializeChannel.then (/home/travis/build/hyperledger/composer/packages/composer-connector-hlfv1/lib/hlfconnection.js:110:344)\n    at <anonymous>"}$
2018-03-13T11:42:21.768Z ERROR   HLFConnection           :start()                  {"message":"Error trying to instantiate composer runtime. Error: Error trying parse endorsement policy. Error: ENOENT","stack":"Error: Error trying to instantiate composer runtime. Error: Error trying parse endorsement policy. Error: ENOENT\n    at _initializeChannel.then.then.then.then.catch.error (/home/travis/build/hyperledger/composer/packages/composer-connector-hlfv1/lib/hlfconnection.js:113:620)\n    at <anonymous>"}$
2018-03-13T11:42:21.768Z ERROR   HLFConnection           :deploy()                 {"message":"Error trying to instantiate composer runtime. Error: Error trying parse endorsement policy. Error: ENOENT","stack":"Error: Error trying to instantiate composer runtime. Error: Error trying parse endorsement policy. Error: ENOENT\n    at _initializeChannel.then.then.then.then.catch.error (/home/travis/build/hyperledger/composer/packages/composer-connector-hlfv1/lib/hlfconnection.js:113:620)\n    at <anonymous>"}$
2018-03-13T11:42:21.816Z ERROR   HLFConnection           :_addEndorsementPolicy()  {"message":"Error trying parse endorsement policy. SyntaxError: Unexpected token i in JSON at position 1","stack":"Error: Error trying parse endorsement policy. SyntaxError: Unexpected token i in JSON at position 1\n    at HLFConnection._addEndorsementPolicy (/home/travis/build/hyperledger/composer/packages/composer-connector-hlfv1/lib/hlfconnection.js:100:227)\n    at _initializeChannel.then (/home/travis/build/hyperledger/composer/packages/composer-connector-hlfv1/lib/hlfconnection.js:110:344)\n    at <anonymous>"}$
2018-03-13T11:42:21.817Z ERROR   HLFConnection           :start()                  {"message":"Error trying to instantiate composer runtime. Error: Error trying parse endorsement policy. SyntaxError: Unexpected token i in JSON at position 1","stack":"Error: Error trying to instantiate composer runtime. Error: Error trying parse endorsement policy. SyntaxError: Unexpected token i in JSON at position 1\n    at _initializeChannel.then.then.then.then.catch.error (/home/travis/build/hyperledger/composer/packages/composer-connector-hlfv1/lib/hlfconnection.js:113:620)\n    at <anonymous>"}$
2018-03-13T11:42:21.817Z ERROR   HLFConnection           :deploy()                 {"message":"Error trying to instantiate composer runtime. Error: Error trying parse endorsement policy. SyntaxError: Unexpected token i in JSON at position 1","stack":"Error: Error trying to instantiate composer runtime. Error: Error trying parse endorsement policy. SyntaxError: Unexpected token i in JSON at position 1\n    at _initializeChannel.then.then.then.then.catch.error (/home/travis/build/hyperledger/composer/packages/composer-connector-hlfv1/lib/hlfconnection.js:113:620)\n    at <anonymous>"}$
2018-03-13T11:42:22.178Z ERROR   HLFConnection           :deploy()                 {"message":"Business network has already been deployed or undeployed and cannot be deployed again.","stack":"Error: Business network has already been deployed or undeployed and cannot be deployed again.\n    at install.then.then.queryResults (/home/travis/build/hyperledger/composer/packages/composer-connector-hlfv1/lib/hlfconnection.js:128:7)\n    at <anonymous>"}$
2018-03-13T11:42:22.254Z ERROR   HLFConnection           :install()                {"message":"Error trying install composer runtime. Error: Error something went completely wrong","stack":"Error: Error trying install composer runtime. Error: Error something went completely wrong\n    at HLFConnection.install (/home/travis/build/hyperledger/composer/packages/composer-connector-hlfv1/lib/hlfconnection.js:88:242)\n    at <anonymous>"}$
2018-03-13T11:42:22.255Z ERROR   HLFConnection           :deploy()                 {"message":"Error trying install composer runtime. Error: Error something went completely wrong","stack":"Error: Error trying install composer runtime. Error: Error something went completely wrong\n    at HLFConnection.install (/home/travis/build/hyperledger/composer/packages/composer-connector-hlfv1/lib/hlfconnection.js:88:242)\n    at <anonymous>"}$
2018-03-13T11:42:22.340Z ERROR   HLFConnection           :start()                  {"message":"Error trying to instantiate composer runtime. Error: such error","stack":"Error: Error trying to instantiate composer runtime. Error: such error\n    at _initializeChannel.then.then.then.then.catch.error (/home/travis/build/hyperledger/composer/packages/composer-connector-hlfv1/lib/hlfconnection.js:113:620)\n    at <anonymous>"}$
2018-03-13T11:42:22.340Z ERROR   HLFConnection           :deploy()                 {"message":"Error trying to instantiate composer runtime. Error: such error","stack":"Error: Error trying to instantiate composer runtime. Error: such error\n    at _initializeChannel.then.then.then.then.catch.error (/home/travis/build/hyperledger/composer/packages/composer-connector-hlfv1/lib/hlfconnection.js:113:620)\n    at <anonymous>"}$
2018-03-13T11:42:22.390Z ERROR   HLFConnection           :start()                  {"message":"Error trying to instantiate composer runtime. Error: Peer has rejected transaction '00000000-0000-0000-0000-000000000000' with code INVALID","stack":"Error: Error trying to instantiate composer runtime. Error: Peer has rejected transaction '00000000-0000-0000-0000-000000000000' with code INVALID\n    at _initializeChannel.then.then.then.then.catch.error (/home/travis/build/hyperledger/composer/packages/composer-connector-hlfv1/lib/hlfconnection.js:113:620)\n    at <anonymous>"}$
2018-03-13T11:42:22.391Z ERROR   HLFConnection           :deploy()                 {"message":"Error trying to instantiate composer runtime. Error: Peer has rejected transaction '00000000-0000-0000-0000-000000000000' with code INVALID","stack":"Error: Error trying to instantiate composer runtime. Error: Peer has rejected transaction '00000000-0000-0000-0000-000000000000' with code INVALID\n    at _initializeChannel.then.then.then.then.catch.error (/home/travis/build/hyperledger/composer/packages/composer-connector-hlfv1/lib/hlfconnection.js:113:620)\n    at <anonymous>"}$
2018-03-13T11:42:22.473Z ERROR   HLFConnection           :start()                  {"message":"Error trying to instantiate composer runtime. Error: Peer has rejected transaction '00000000-0000-0000-0000-000000000000' with code INVALID","stack":"Error: Error trying to instantiate composer runtime. Error: Peer has rejected transaction '00000000-0000-0000-0000-000000000000' with code INVALID\n    at _initializeChannel.then.then.then.then.catch.error (/home/travis/build/hyperledger/composer/packages/composer-connector-hlfv1/lib/hlfconnection.js:113:620)\n    at <anonymous>"}$
2018-03-13T11:42:22.474Z ERROR   HLFConnection           :deploy()                 {"message":"Error trying to instantiate composer runtime. Error: Peer has rejected transaction '00000000-0000-0000-0000-000000000000' with code INVALID","stack":"Error: Error trying to instantiate composer runtime. Error: Peer has rejected transaction '00000000-0000-0000-0000-000000000000' with code INVALID\n    at _initializeChannel.then.then.then.then.catch.error (/home/travis/build/hyperledger/composer/packages/composer-connector-hlfv1/lib/hlfconnection.js:113:620)\n    at <anonymous>"}$
2018-03-13T11:42:22.739Z ERROR   HLFConnection           :undeploy()               {"message":"Error trying undeploy. such error","stack":"Error: Error trying undeploy. such error\n    at invokeChainCode.then.catch.error (/home/travis/build/hyperledger/composer/packages/composer-connector-hlfv1/lib/hlfconnection.js:155:253)\n    at <anonymous>\n    at runMicrotasksCallback (internal/process/next_tick.js:121:5)\n    at _combinedTickCallback (internal/process/next_tick.js:131:7)\n    at process._tickCallback (internal/process/next_tick.js:180:9)"}$
2018-03-13T11:42:23.256Z ERROR   HLFConnection           :upgrade()                {"message":"Error trying upgrade composer runtime for business network digitalproperty-network. Error: digitalproperty-network has not been started so cannot be upgraded","stack":"Error: Error trying upgrade composer runtime for business network digitalproperty-network. Error: digitalproperty-network has not been started so cannot be upgraded\n    at channel.queryInstantiatedChaincodes.then.then.then.then.then.catch.error (/home/travis/build/hyperledger/composer/packages/composer-connector-hlfv1/lib/hlfconnection.js:243:615)\n    at <anonymous>"}$
2018-03-13T11:42:23.333Z ERROR   HLFConnection           :upgrade()                {"message":"Error trying upgrade composer runtime for business network digitalproperty-network. Error: New runtime version (0.18.1) compared to current (0.15.0) has changed major or minor version and cannot be upgraded.","stack":"Error: Error trying upgrade composer runtime for business network digitalproperty-network. Error: New runtime version (0.18.1) compared to current (0.15.0) has changed major or minor version and cannot be upgraded.\n    at channel.queryInstantiatedChaincodes.then.then.then.then.then.catch.error (/home/travis/build/hyperledger/composer/packages/composer-connector-hlfv1/lib/hlfconnection.js:243:615)\n    at <anonymous>"}$
2018-03-13T11:42:23.421Z ERROR   HLFConnection           :upgrade()                {"message":"Error trying upgrade composer runtime for business network digitalproperty-network. Error: such error","stack":"Error: Error trying upgrade composer runtime for business network digitalproperty-network. Error: such error\n    at channel.queryInstantiatedChaincodes.then.then.then.then.then.catch.error (/home/travis/build/hyperledger/composer/packages/composer-connector-hlfv1/lib/hlfconnection.js:243:615)\n    at <anonymous>"}$
2018-03-13T11:42:23.475Z ERROR   HLFConnection           :upgrade()                {"message":"Error trying upgrade composer runtime for business network digitalproperty-network. Error: Failed to send peer responses for transaction '00000000-0000-0000-0000-000000000000' to orderer. Response status 'FAILURE'","stack":"Error: Error trying upgrade composer runtime for business network digitalproperty-network. Error: Failed to send peer responses for transaction '00000000-0000-0000-0000-000000000000' to orderer. Response status 'FAILURE'\n    at channel.queryInstantiatedChaincodes.then.then.then.then.then.catch.error (/home/travis/build/hyperledger/composer/packages/composer-connector-hlfv1/lib/hlfconnection.js:243:615)\n    at <anonymous>"}$
2018-03-13T11:42:23.555Z ERROR   HLFConnection           :upgrade()                {"message":"Error trying upgrade composer runtime for business network digitalproperty-network. Error: Peer has rejected transaction '00000000-0000-0000-0000-000000000000' with code INVALID","stack":"Error: Error trying upgrade composer runtime for business network digitalproperty-network. Error: Peer has rejected transaction '00000000-0000-0000-0000-000000000000' with code INVALID\n    at channel.queryInstantiatedChaincodes.then.then.then.then.then.catch.error (/home/travis/build/hyperledger/composer/packages/composer-connector-hlfv1/lib/hlfconnection.js:243:615)\n    at <anonymous>"}$
2018-03-13T11:42:24.280Z ERROR   HLFConnection           :ping()                   {"message":"Error trying to ping. Error: Composer runtime (1.0.0) is not compatible with client (0.18.1)","stack":"Error: Error trying to ping. Error: Composer runtime (1.0.0) is not compatible with client (0.18.1)\n    at _checkRuntimeVersions.then.catch.error (/home/travis/build/hyperledger/composer/packages/composer-connector-hlfv1/lib/hlfconnection.js:162:563)\n    at <anonymous>"}$
2018-03-13T11:42:24.337Z ERROR   HLFConnection           :ping()                   {"message":"Error trying to ping. such error","stack":"Error: Error trying to ping. such error\n    at _checkRuntimeVersions.then.catch.error (/home/travis/build/hyperledger/composer/packages/composer-connector-hlfv1/lib/hlfconnection.js:162:563)\n    at <anonymous>\n    at runMicrotasksCallback (internal/process/next_tick.js:121:5)\n    at _combinedTickCallback (internal/process/next_tick.js:131:7)\n    at process._tickCallback (internal/process/next_tick.js:180:9)"}$
2018-03-13T11:42:24.916Z ERROR   HLFConnection           :queryChainCode()         {"message":"Unable to determine a peer to query","stack":"Error: Unable to determine a peer to query\n    at HLFConnection.queryChainCode (/home/travis/build/hyperledger/composer/packages/composer-connector-hlfv1/lib/hlfconnection.js:181:820)\n    at Context.it (/home/travis/build/hyperledger/composer/packages/composer-connector-hlfv1/test/hlfconnection.js:2349:31)\n    at callFn (/home/travis/build/hyperledger/composer/node_modules/mocha/lib/runnable.js:348:21)\n    at Test.Runnable.run (/home/travis/build/hyperledger/composer/node_modules/mocha/lib/runnable.js:340:7)\n    at Runner.runTest (/home/travis/build/hyperledger/composer/node_modules/mocha/lib/runner.js:443:10)\n    at /home/travis/build/hyperledger/composer/node_modules/mocha/lib/runner.js:549:12\n    at next (/home/travis/build/hyperledger/composer/node_modules/mocha/lib/runner.js:361:14)\n    at /home/travis/build/hyperledger/composer/node_modules/mocha/lib/runner.js:371:7\n    at next (/home/travis/build/hyperledger/composer/node_modules/mocha/lib/runner.js:295:14)\n    at /home/travis/build/hyperledger/composer/node_modules/mocha/lib/runner.js:334:7\n    at done (/home/travis/build/hyperledger/composer/node_modules/mocha/lib/runnable.js:295:5)\n    at callFn (/home/travis/build/hyperledger/composer/node_modules/mocha/lib/runnable.js:366:7)\n    at Hook.Runnable.run (/home/travis/build/hyperledger/composer/node_modules/mocha/lib/runnable.js:340:7)\n    at next (/home/travis/build/hyperledger/composer/node_modules/mocha/lib/runner.js:309:10)\n    at Immediate.<anonymous> (/home/travis/build/hyperledger/composer/node_modules/mocha/lib/runner.js:339:5)\n    at runCallback (timers.js:794:20)\n    at tryOnImmediate (timers.js:752:5)\n    at processImmediate [as _immediateCallback] (timers.js:729:5)"}$
2018-03-13T11:42:24.963Z ERROR   HLFConnection           :queryChainCode()         {"message":"Error trying to query business network. Error: No payloads were returned from the query request:myfunc","stack":"Error: Error trying to query business network. Error: No payloads were returned from the query request:myfunc\n    at channel.queryByChaincode.then.catch.error (/home/travis/build/hyperledger/composer/packages/composer-connector-hlfv1/lib/hlfconnection.js:183:216)\n    at <anonymous>"}$
2018-03-13T11:42:25.039Z ERROR   HLFConnection           :queryChainCode()         {"message":"Error trying to query business network. Error: such error","stack":"Error: Error trying to query business network. Error: such error\n    at channel.queryByChaincode.then.catch.error (/home/travis/build/hyperledger/composer/packages/composer-connector-hlfv1/lib/hlfconnection.js:183:216)\n    at <anonymous>"}$
2018-03-13T11:42:25.655Z ERROR   HLFConnection           :invokeChainCode()        {"message":"Error trying invoke business network. Error: an error","stack":"Error: Error trying invoke business network. Error: an error\n    at _initializeChannel.then.then.then.then.catch.error (/home/travis/build/hyperledger/composer/packages/composer-connector-hlfv1/lib/hlfconnection.js:201:615)\n    at <anonymous>"}$
2018-03-13T11:42:25.742Z ERROR   HLFConnection           :invokeChainCode()        {"message":"Error trying invoke business network. Error: Failed to receive commit notification for transaction '00000000-0000-0000-0000-000000000000' within the timeout period","stack":"Error: Error trying invoke business network. Error: Failed to receive commit notification for transaction '00000000-0000-0000-0000-000000000000' within the timeout period\n    at _initializeChannel.then.then.then.then.catch.error (/home/travis/build/hyperledger/composer/packages/composer-connector-hlfv1/lib/hlfconnection.js:201:615)\n    at <anonymous>"}$
2018-03-13T11:42:25.790Z ERROR   HLFConnection           :invokeChainCode()        {"message":"Error trying invoke business network. Error: Failed to receive commit notification for transaction '00000000-0000-0000-0000-000000000000' within the timeout period","stack":"Error: Error trying invoke business network. Error: Failed to receive commit notification for transaction '00000000-0000-0000-0000-000000000000' within the timeout period\n    at _initializeChannel.then.then.then.then.catch.error (/home/travis/build/hyperledger/composer/packages/composer-connector-hlfv1/lib/hlfconnection.js:201:615)\n    at <anonymous>"}$
2018-03-13T11:42:25.876Z ERROR   HLFConnection           :invokeChainCode()        {"message":"Error trying invoke business network. Error: Failed to send peer responses for transaction '00000000-0000-0000-0000-000000000000' to orderer. Response status 'FAILURE'","stack":"Error: Error trying invoke business network. Error: Failed to send peer responses for transaction '00000000-0000-0000-0000-000000000000' to orderer. Response status 'FAILURE'\n    at _initializeChannel.then.then.then.then.catch.error (/home/travis/build/hyperledger/composer/packages/composer-connector-hlfv1/lib/hlfconnection.js:201:615)\n    at <anonymous>"}$
2018-03-13T11:42:26.534Z ERROR   HLFConnection           :createIdentity()         {"message":"attributes provided are not valid JSON. SyntaxError: Unexpected token N in JSON at position 0","stack":"Error: attributes provided are not valid JSON. SyntaxError: Unexpected token N in JSON at position 0\n    at Promise (/home/travis/build/hyperledger/composer/packages/composer-connector-hlfv1/lib/hlfconnection.js:219:462)\n    at new Promise (<anonymous>)\n    at HLFConnection.createIdentity (/home/travis/build/hyperledger/composer/packages/composer-connector-hlfv1/lib/hlfconnection.js:216:371)\n    at Context.it (/home/travis/build/hyperledger/composer/packages/composer-connector-hlfv1/test/hlfconnection.js:2750:31)\n    at callFn (/home/travis/build/hyperledger/composer/node_modules/mocha/lib/runnable.js:348:21)\n    at Test.Runnable.run (/home/travis/build/hyperledger/composer/node_modules/mocha/lib/runnable.js:340:7)\n    at Runner.runTest (/home/travis/build/hyperledger/composer/node_modules/mocha/lib/runner.js:443:10)\n    at /home/travis/build/hyperledger/composer/node_modules/mocha/lib/runner.js:549:12\n    at next (/home/travis/build/hyperledger/composer/node_modules/mocha/lib/runner.js:361:14)\n    at /home/travis/build/hyperledger/composer/node_modules/mocha/lib/runner.js:371:7\n    at next (/home/travis/build/hyperledger/composer/node_modules/mocha/lib/runner.js:295:14)\n    at /home/travis/build/hyperledger/composer/node_modules/mocha/lib/runner.js:334:7\n    at done (/home/travis/build/hyperledger/composer/node_modules/mocha/lib/runnable.js:295:5)\n    at callFn (/home/travis/build/hyperledger/composer/node_modules/mocha/lib/runnable.js:366:7)\n    at Hook.Runnable.run (/home/travis/build/hyperledger/composer/node_modules/mocha/lib/runnable.js:340:7)\n    at next (/home/travis/build/hyperledger/composer/node_modules/mocha/lib/runner.js:309:10)\n    at Immediate.<anonymous> (/home/travis/build/hyperledger/composer/node_modules/mocha/lib/runner.js:339:5)\n    at runCallback (timers.js:794:20)\n    at tryOnImmediate (timers.js:752:5)\n    at processImmediate [as _immediateCallback] (timers.js:729:5)"}$
2018-03-13T11:42:26.614Z ERROR   HLFConnection           :createIdentity()         Register request failed trying to create identity {"0":{"stack":["{Error}anerror Error: anerror","    at Context.it (/home/travis/build/hyperledger/composer/packages/composer-connector-hlfv1/test/hlfconnection.js:2755:43)","    at callFn (/home/travis/build/hyperledger/composer/node_modules/mocha/lib/runnable.js:348:21)","    at Test.Runnable.run (/home/travis/build/hyperledger/composer/node_modules/mocha/lib/runnable.js:340:7)","    at Runner.runTest (/home/travis/build/hyperledger/composer/node_modules/mocha/lib/runner.js:443:10)","    at /home/travis/build/hyperledger/composer/node_modules/mocha/lib/runner.js:549:12","    at next (/home/travis/build/hyperledger/composer/node_modules/mocha/lib/runner.js:361:14)","    at /home/travis/build/hyperledger/composer/node_modules/mocha/lib/runner.js:371:7","    at next (/home/travis/build/hyperledger/composer/node_modules/mocha/lib/runner.js:295:14)","    at /home/travis/build/hyperledger/composer/node_modules/mocha/lib/runner.js:334:7","    at done (/home/travis/build/hyperledger/composer/node_modules/mocha/lib/runnable.js:295:5)","    at callFn (/home/travis/build/hyperledger/composer/node_modules/mocha/lib/runnable.js:366:7)","    at Hook.Runnable.run (/home/travis/build/hyperledger/composer/node_modules/mocha/lib/runnable.js:340:7)","    at next (/home/travis/build/hyperledger/composer/node_modules/mocha/lib/runner.js:309:10)","    at Immediate._onImmediate (/home/travis/build/hyperledger/composer/node_modules/mocha/lib/runner.js:339:5)","    at runCallback (timers.js:794:20)","    at tryOnImmediate (timers.js:752:5)","    at processImmediate [as _immediateCallback] (timers.js:729:5)"]}}$
2018-03-13T11:42:26.844Z ERROR   HLFConnection           :list()                   {"message":"Error trying to list available business networks. Error: such error","stack":"Error: Error trying to list available business networks. Error: such error\n    at channel.queryInstantiatedChaincodes.then.catch.error (/home/travis/build/hyperledger/composer/packages/composer-connector-hlfv1/lib/hlfconnection.js:227:628)\n    at <anonymous>\n    at runMicrotasksCallback (internal/process/next_tick.js:121:5)\n    at _combinedTickCallback (internal/process/next_tick.js:131:7)\n    at process._tickCallback (internal/process/next_tick.js:180:9)"}$
2018-03-13T11:42:27.733Z ERROR   HLFConnectionManager    :setupWallet()            {"message":"","stack":"wow such fail\n    at Object.throwsException (/home/travis/build/hyperledger/composer/node_modules/sinon/lib/sinon/default-behaviors.js:11:26)\n    at Object.proto.(anonymous function) [as throws] (/home/travis/build/hyperledger/composer/node_modules/sinon/lib/sinon/behavior.js:206:12)\n    at Function.throws (/home/travis/build/hyperledger/composer/node_modules/sinon/lib/sinon/behavior.js:199:46)\n    at Context.it (/home/travis/build/hyperledger/composer/packages/composer-connector-hlfv1/test/hlfconnectionmanager.js:305:55)\n    at callFn (/home/travis/build/hyperledger/composer/node_modules/mocha/lib/runnable.js:348:21)\n    at Test.Runnable.run (/home/travis/build/hyperledger/composer/node_modules/mocha/lib/runnable.js:340:7)\n    at Runner.runTest (/home/travis/build/hyperledger/composer/node_modules/mocha/lib/runner.js:443:10)\n    at /home/travis/build/hyperledger/composer/node_modules/mocha/lib/runner.js:549:12\n    at next (/home/travis/build/hyperledger/composer/node_modules/mocha/lib/runner.js:361:14)\n    at /home/travis/build/hyperledger/composer/node_modules/mocha/lib/runner.js:371:7\n    at next (/home/travis/build/hyperledger/composer/node_modules/mocha/lib/runner.js:295:14)\n    at Immediate._onImmediate (/home/travis/build/hyperledger/composer/node_modules/mocha/lib/runner.js:339:5)\n    at runCallback (timers.js:794:20)\n    at tryOnImmediate (timers.js:752:5)\n    at processImmediate [as _immediateCallback] (timers.js:729:5)","name":"wow such fail"}$
2018-03-13T11:42:27.901Z ERROR   HLFConnectionManager    :setupHSM()               {"message":"bad request","stack":"Error: bad request\n    at Context.it (/home/travis/build/hyperledger/composer/packages/composer-connector-hlfv1/test/hlfconnectionmanager.js:471:59)\n    at callFn (/home/travis/build/hyperledger/composer/node_modules/mocha/lib/runnable.js:348:21)\n    at Test.Runnable.run (/home/travis/build/hyperledger/composer/node_modules/mocha/lib/runnable.js:340:7)\n    at Runner.runTest (/home/travis/build/hyperledger/composer/node_modules/mocha/lib/runner.js:443:10)\n    at /home/travis/build/hyperledger/composer/node_modules/mocha/lib/runner.js:549:12\n    at next (/home/travis/build/hyperledger/composer/node_modules/mocha/lib/runner.js:361:14)\n    at /home/travis/build/hyperledger/composer/node_modules/mocha/lib/runner.js:371:7\n    at next (/home/travis/build/hyperledger/composer/node_modules/mocha/lib/runner.js:295:14)\n    at /home/travis/build/hyperledger/composer/node_modules/mocha/lib/runner.js:334:7\n    at done (/home/travis/build/hyperledger/composer/node_modules/mocha/lib/runnable.js:295:5)\n    at callFn (/home/travis/build/hyperledger/composer/node_modules/mocha/lib/runnable.js:366:7)\n    at Hook.Runnable.run (/home/travis/build/hyperledger/composer/node_modules/mocha/lib/runnable.js:340:7)\n    at next (/home/travis/build/hyperledger/composer/node_modules/mocha/lib/runner.js:309:10)\n    at Immediate._onImmediate (/home/travis/build/hyperledger/composer/node_modules/mocha/lib/runner.js:339:5)\n    at runCallback (timers.js:794:20)\n    at tryOnImmediate (timers.js:752:5)\n    at processImmediate [as _immediateCallback] (timers.js:729:5)"}$
2018-03-13T11:42:27.918Z ERROR   HLFConnectionManager    :setupHSM()               {"message":"further bad request","stack":"Error: further bad request\n    at Context.it (/home/travis/build/hyperledger/composer/packages/composer-connector-hlfv1/test/hlfconnectionmanager.js:482:62)\n    at callFn (/home/travis/build/hyperledger/composer/node_modules/mocha/lib/runnable.js:348:21)\n    at Test.Runnable.run (/home/travis/build/hyperledger/composer/node_modules/mocha/lib/runnable.js:340:7)\n    at Runner.runTest (/home/travis/build/hyperledger/composer/node_modules/mocha/lib/runner.js:443:10)\n    at /home/travis/build/hyperledger/composer/node_modules/mocha/lib/runner.js:549:12\n    at next (/home/travis/build/hyperledger/composer/node_modules/mocha/lib/runner.js:361:14)\n    at /home/travis/build/hyperledger/composer/node_modules/mocha/lib/runner.js:371:7\n    at next (/home/travis/build/hyperledger/composer/node_modules/mocha/lib/runner.js:295:14)\n    at /home/travis/build/hyperledger/composer/node_modules/mocha/lib/runner.js:334:7\n    at done (/home/travis/build/hyperledger/composer/node_modules/mocha/lib/runnable.js:295:5)\n    at callFn (/home/travis/build/hyperledger/composer/node_modules/mocha/lib/runnable.js:366:7)\n    at Hook.Runnable.run (/home/travis/build/hyperledger/composer/node_modules/mocha/lib/runnable.js:340:7)\n    at next (/home/travis/build/hyperledger/composer/node_modules/mocha/lib/runner.js:309:10)\n    at Immediate._onImmediate (/home/travis/build/hyperledger/composer/node_modules/mocha/lib/runner.js:339:5)\n    at runCallback (timers.js:794:20)\n    at tryOnImmediate (timers.js:752:5)\n    at processImmediate [as _immediateCallback] (timers.js:729:5)"}$
2018-03-13T11:42:27.933Z ERROR   HLFConnectionManager    :setupHSM()               {"message":"more bad request","stack":"Error: more bad request\n    at Context.it (/home/travis/build/hyperledger/composer/packages/composer-connector-hlfv1/test/hlfconnectionmanager.js:493:69)\n    at callFn (/home/travis/build/hyperledger/composer/node_modules/mocha/lib/runnable.js:348:21)\n    at Test.Runnable.run (/home/travis/build/hyperledger/composer/node_modules/mocha/lib/runnable.js:340:7)\n    at Runner.runTest (/home/travis/build/hyperledger/composer/node_modules/mocha/lib/runner.js:443:10)\n    at /home/travis/build/hyperledger/composer/node_modules/mocha/lib/runner.js:549:12\n    at next (/home/travis/build/hyperledger/composer/node_modules/mocha/lib/runner.js:361:14)\n    at /home/travis/build/hyperledger/composer/node_modules/mocha/lib/runner.js:371:7\n    at next (/home/travis/build/hyperledger/composer/node_modules/mocha/lib/runner.js:295:14)\n    at /home/travis/build/hyperledger/composer/node_modules/mocha/lib/runner.js:334:7\n    at done (/home/travis/build/hyperledger/composer/node_modules/mocha/lib/runnable.js:295:5)\n    at callFn (/home/travis/build/hyperledger/composer/node_modules/mocha/lib/runnable.js:366:7)\n    at Hook.Runnable.run (/home/travis/build/hyperledger/composer/node_modules/mocha/lib/runnable.js:340:7)\n    at next (/home/travis/build/hyperledger/composer/node_modules/mocha/lib/runner.js:309:10)\n    at Immediate._onImmediate (/home/travis/build/hyperledger/composer/node_modules/mocha/lib/runner.js:339:5)\n    at runCallback (timers.js:794:20)\n    at tryOnImmediate (timers.js:752:5)\n    at processImmediate [as _immediateCallback] (timers.js:729:5)"}$
2018-03-13T11:42:28.573Z ERROR   HLFConnectionManager    :importIdentity()         Failed to import identity. Error: privateKey not specified or not a string {}$
2018-03-13T11:42:28.616Z ERROR   HLFConnectionManager    :importIdentity()         Failed to import identity. Error: privateKey not specified or not a string {}$
2018-03-13T11:42:28.634Z ERROR   HLFConnectionManager    :importIdentity()         Failed to import identity. Error: wow such fail {}$
2018-03-13T11:42:28.860Z ERROR   HLFConnectionManager    :requestIdentity()        {"message":"Error trying to enroll user and return certificates. Error: wow such fail","stack":"Error: Error trying to enroll user and return certificates. Error: wow such fail\n    at HLFConnectionManager.requestIdentity (/home/travis/build/hyperledger/composer/packages/composer-connector-hlfv1/lib/hlfconnectionmanager.js:92:1053)\n    at <anonymous>"}$
2018-03-13T11:42:29.619Z ERROR   HLFWalletProxy          :getValue()               {"message":"ENOPERM","stack":"Error: ENOPERM\n    at Object.rejects (/home/travis/build/hyperledger/composer/node_modules/sinon/lib/sinon/default-behaviors.js:167:22)\n    at Object.proto.(anonymous function) [as rejects] (/home/travis/build/hyperledger/composer/node_modules/sinon/lib/sinon/behavior.js:206:12)\n    at Function.rejects (/home/travis/build/hyperledger/composer/node_modules/sinon/lib/sinon/behavior.js:199:46)\n    at Context.it (/home/travis/build/hyperledger/composer/packages/composer-connector-hlfv1/test/hlfwalletproxy.js:80:45)\n    at callFn (/home/travis/build/hyperledger/composer/node_modules/mocha/lib/runnable.js:348:21)\n    at Test.Runnable.run (/home/travis/build/hyperledger/composer/node_modules/mocha/lib/runnable.js:340:7)\n    at Runner.runTest (/home/travis/build/hyperledger/composer/node_modules/mocha/lib/runner.js:443:10)\n    at /home/travis/build/hyperledger/composer/node_modules/mocha/lib/runner.js:549:12\n    at next (/home/travis/build/hyperledger/composer/node_modules/mocha/lib/runner.js:361:14)\n    at /home/travis/build/hyperledger/composer/node_modules/mocha/lib/runner.js:371:7\n    at next (/home/travis/build/hyperledger/composer/node_modules/mocha/lib/runner.js:295:14)\n    at Immediate._onImmediate (/home/travis/build/hyperledger/composer/node_modules/mocha/lib/runner.js:339:5)\n    at runCallback (timers.js:794:20)\n    at tryOnImmediate (timers.js:752:5)\n    at processImmediate [as _immediateCallback] (timers.js:729:5)","name":"Error"}$
2018-03-13T11:42:29.626Z ERROR   HLFWalletProxy          :setValue()               {"message":"ENOPERM","stack":"Error: ENOPERM\n    at Object.rejects (/home/travis/build/hyperledger/composer/node_modules/sinon/lib/sinon/default-behaviors.js:167:22)\n    at Object.proto.(anonymous function) [as rejects] (/home/travis/build/hyperledger/composer/node_modules/sinon/lib/sinon/behavior.js:206:12)\n    at Function.rejects (/home/travis/build/hyperledger/composer/node_modules/sinon/lib/sinon/behavior.js:199:46)\n    at Context.it (/home/travis/build/hyperledger/composer/packages/composer-connector-hlfv1/test/hlfwalletproxy.js:100:45)\n    at callFn (/home/travis/build/hyperledger/composer/node_modules/mocha/lib/runnable.js:348:21)\n    at Test.Runnable.run (/home/travis/build/hyperledger/composer/node_modules/mocha/lib/runnable.js:340:7)\n    at Runner.runTest (/home/travis/build/hyperledger/composer/node_modules/mocha/lib/runner.js:443:10)\n    at /home/travis/build/hyperledger/composer/node_modules/mocha/lib/runner.js:549:12\n    at next (/home/travis/build/hyperledger/composer/node_modules/mocha/lib/runner.js:361:14)\n    at /home/travis/build/hyperledger/composer/node_modules/mocha/lib/runner.js:371:7\n    at next (/home/travis/build/hyperledger/composer/node_modules/mocha/lib/runner.js:295:14)\n    at Immediate._onImmediate (/home/travis/build/hyperledger/composer/node_modules/mocha/lib/runner.js:339:5)\n    at runCallback (timers.js:794:20)\n    at tryOnImmediate (timers.js:752:5)\n    at processImmediate [as _immediateCallback] (timers.js:729:5)","name":"Error"}$
